<html>
<head>
<title>TestNG:  Cucumber Tests</title>
<link href="../testng.css" rel="stylesheet" type="text/css" />
<link href="../my-testng.css" rel="stylesheet" type="text/css" />

<style type="text/css">
.log { display: none;} 
.stack-trace { display: none;} 
</style>
<script type="text/javascript">
<!--
function flip(e) {
  current = e.style.display;
  if (current == 'block') {
    e.style.display = 'none';
    return 0;
  }
  else {
    e.style.display = 'block';
    return 1;
  }
}

function toggleBox(szDivId, elem, msg1, msg2)
{
  var res = -1;  if (document.getElementById) {
    res = flip(document.getElementById(szDivId));
  }
  else if (document.all) {
    // this is the way old msie versions work
    res = flip(document.all[szDivId]);
  }
  if(elem) {
    if(res == 0) elem.innerHTML = msg1; else elem.innerHTML = msg2;
  }

}

function toggleAllBoxes() {
  if (document.getElementsByTagName) {
    d = document.getElementsByTagName('div');
    for (i = 0; i < d.length; i++) {
      if (d[i].className == 'log') {
        flip(d[i]);
      }
    }
  }
}

// -->
</script>

</head>
<body>
<h2 align='center'>Cucumber Tests</h2><table border='1' align="center">
<tr>
<td>Tests passed/Failed/Skipped:</td><td>0/1/0</td>
</tr><tr>
<td>Started on:</td><td>Mon Nov 17 17:11:10 IST 2014</td>
</tr>
<tr><td>Total time:</td><td>117 seconds (117761 ms)</td>
</tr><tr>
<td>Included groups:</td><td></td>
</tr><tr>
<td>Excluded groups:</td><td></td>
</tr>
</table><p/>
<small><i>(Hover the method name to see the test class name)</i></small><p/>
<table width='100%' border='1' class='invocation-failed'>
<tr><td colspan='4' align='center'><b>FAILED TESTS</b></td></tr>
<tr><td><b>Test method</b></td>
<td width="30%"><b>Exception</b></td>
<td width="10%"><b>Time (seconds)</b></td>
<td><b>Instance</b></td>
</tr>
<tr>
<td title='com.seleniumtests.cucumbertest.java.RunCucumberTests.runCukes()'><b>runCukes</b><br>Test class: com.seleniumtests.cucumbertest.java.RunCucumberTests<br>Test method: Example of using TestNGCucumberRunner to invoke Cucumber<br/>
<a href="#Output-165168246" onClick='toggleBox("Output-165168246", this, "Show output", "Hide output");'>Show output</a>

<a href="#Output-165168246" onClick="toggleAllBoxes();">Show all outputs</a>
<div class='log' id="Output-165168246">
<div "featureFile">Feature File: src&#x2F;test&#x2F;resources&#x2F;com&#x2F;seleniumtests&#x2F;cucumbertest&#x2F;features&#x2F;ClubRegNew.feature</div><br/>
<div "feature">Feature: ClubRegistration</div><br/>
<div "result">Given  I want to open the browser (passed : 6s)</div><br/>
<div "result">And  I visit the https:&#x2F;&#x2F;tbbqabeta.productpartners.com url (passed : 12s)</div><br/>
<div "result">And  I visit to the Signup Page (passed : 11s)</div><br/>
<div "result">When  I click on the club signup (passed : 9s)</div><br/>
<div "scenario">Scenario: DataEntryValid</div><br/>
firstName: OctC<br><br/>
lastName: club12<br><br/>
email: rj12_011014_c7@mailinator.com<br><br/>
confirmEmail: rj12_011014_c7@mailinator.com<br><br/>
password: 11111<br><br/>
confirmPassword: 11111<br><br/>
screenName: OctC12club7<br><br/>
dateOfBirth: 1978<br><br/>
phoneTextbox: 1111111111<br><br/>
shippingCountry: Canada<br><br/>
shippingStreet1: OctC<br><br/>
shippingStreet2: club7<br><br/>
shippingCity: montreal<br><br/>
shippingState: Quebec<br><br/>
shippingZip: h3b5l1<br><br/>
ccFirstName: abc<br><br/>
ccLastName: xyz<br><br/>
ccType: Visa<br><br/>
ccNumber: 4222222222222<br><br/>
ccExp: 2021<br><br/>
ccCvv: 123<br><br/>
billingCB: TRUE<br><br/>
coachReferral: TRUE<br><br/>
coachReferral: 994<br><br/>
TnC: TRUE<br><br/>
CASL: TRUE<br><br/>
captchaText: 1111<br><br/>
<div "result">Then  i do submit with valid form entry (passed : 10s)</div><br/>
Existing User<br><br/>
Not Created Successfully<br><br/>
<div "result">And  i get welcome page (failed : 0s)</div><br/>
<div "result">Given  I want to open the browser (passed : 2s)</div><br/>
<div "result">And  I visit the https:&#x2F;&#x2F;tbbqabeta.productpartners.com url (passed : 15s)</div><br/>
<div "result">And  I visit to the Signup Page (passed : 3s)</div><br/>
<div "result">When  I click on the club signup (passed : 23s)</div><br/>
<div "scenario">Scenario: DataEntryInValid</div><br/>
firstName: OctC<br><br/>
lastName: club8<br><br/>
email: rj_011014_c7@mailinator.com<br><br/>
confirmEmail: rj_011014_c7@mailinator.com<br><br/>
password: 11111<br><br/>
confirmPassword: 11111<br><br/>
screenName: OctCclub8<br><br/>
dateOfBirth: 1978<br><br/>
phoneTextbox: 1111111111<br><br/>
shippingCountry: Canada<br><br/>
shippingStreet1: OctC<br><br/>
shippingStreet2: club7<br><br/>
shippingCity: montreal<br><br/>
shippingState: Quebec<br><br/>
shippingZip: h3b5l1<br><br/>
ccFirstName: abc<br><br/>
ccLastName: xyz<br><br/>
ccType: Visa<br><br/>
ccNumber: 4222222222222<br><br/>
ccExp: 2021<br><br/>
ccCvv: 123<br><br/>
billingCB: TRUE<br><br/>
coachReferral: TRUE<br><br/>
coachReferral: 994<br><br/>
TnC: TRUE<br><br/>
CASL: TRUE<br><br/>
captchaText: 1111<br><br/>
<div "result">Then  i do submit with Invalid form entry (passed : 13s)</div><br/>
<div "result">And  i get error page (passed : 0s)</div><br/>
</div>
</td>
<td><div><pre>cucumber.runtime.CucumberException: java.lang.AssertionError: java.lang.AssertionError: expected [false] but found [true]java.lang.AssertionError: expected [true] but found [false]
	at cucumber.api.testng.TestNGCucumberRunner.runCukes(TestNGCucumberRunner.java:58)
	at com.seleniumtests.cucumbertest.java.RunCucumberTests.runCukes(RunCucumberTests.java:26)
	at java.util.concurrent.FutureTask.run(FutureTask.java:262)
	at java.util.concurrent.ThreadPoolExecutor.runWorker(ThreadPoolExecutor.java:1145)
	at java.util.concurrent.ThreadPoolExecutor$Worker.run(ThreadPoolExecutor.java:615)
	at java.lang.Thread.run(Thread.java:745)
Caused by: java.lang.AssertionError: java.lang.AssertionError: expected [false] but found [true]java.lang.AssertionError: expected [true] but found [false]
	at com.thoughtworks.selenium.SeleneseTestBase.fail(SeleneseTestBase.java:391)
	at com.seleniumtests.core.CustomVerification.checkForVerificationErrors(CustomVerification.java:102)
	at com.seleniumtests.cucumbertest.java.ClubRegSteps.i_get_welcome_page(ClubRegSteps.java:113)
	at ?.And i get welcome page(src/test/resources/com/seleniumtests/cucumbertest/features/ClubRegNew.feature:16)
... Removed 16 stack frames</pre></div><a href='#' onClick='toggleBox("stack-trace165168246", this, "Click to show all stack frames", "Click to hide stack frames")'>Click to show all stack frames</a>
<div class='stack-trace' id='stack-trace165168246'><pre>cucumber.runtime.CucumberException: java.lang.AssertionError: java.lang.AssertionError: expected [false] but found [true]java.lang.AssertionError: expected [true] but found [false]
	at cucumber.api.testng.TestNGCucumberRunner.runCukes(TestNGCucumberRunner.java:58)
	at com.seleniumtests.cucumbertest.java.RunCucumberTests.runCukes(RunCucumberTests.java:26)
	at sun.reflect.NativeMethodAccessorImpl.invoke0(Native Method)
	at sun.reflect.NativeMethodAccessorImpl.invoke(NativeMethodAccessorImpl.java:57)
	at sun.reflect.DelegatingMethodAccessorImpl.invoke(DelegatingMethodAccessorImpl.java:43)
	at java.lang.reflect.Method.invoke(Method.java:606)
	at org.testng.internal.MethodInvocationHelper.invokeMethod(MethodInvocationHelper.java:84)
	at org.testng.internal.Invoker.invokeMethod(Invoker.java:714)
	at org.testng.internal.Invoker.invokeTestMethod(Invoker.java:901)
	at org.testng.internal.Invoker.invokeTestMethods(Invoker.java:1231)
	at org.testng.internal.TestMethodWorker.invokeTestMethods(TestMethodWorker.java:127)
	at org.testng.internal.TestMethodWorker.run(TestMethodWorker.java:111)
	at org.testng.TestRunner.privateRun(TestRunner.java:767)
	at org.testng.TestRunner.run(TestRunner.java:617)
	at org.testng.SuiteRunner.runTest(SuiteRunner.java:348)
	at org.testng.SuiteRunner.access$000(SuiteRunner.java:38)
	at org.testng.SuiteRunner$SuiteWorker.run(SuiteRunner.java:382)
	at org.testng.internal.thread.ThreadUtil$2.call(ThreadUtil.java:64)
	at java.util.concurrent.FutureTask.run(FutureTask.java:262)
	at java.util.concurrent.ThreadPoolExecutor.runWorker(ThreadPoolExecutor.java:1145)
	at java.util.concurrent.ThreadPoolExecutor$Worker.run(ThreadPoolExecutor.java:615)
	at java.lang.Thread.run(Thread.java:745)
Caused by: java.lang.AssertionError: java.lang.AssertionError: expected [false] but found [true]java.lang.AssertionError: expected [true] but found [false]
	at com.thoughtworks.selenium.SeleneseTestBase.fail(SeleneseTestBase.java:391)
	at com.seleniumtests.core.CustomVerification.checkForVerificationErrors(CustomVerification.java:102)
	at com.seleniumtests.cucumbertest.java.ClubRegSteps.i_get_welcome_page(ClubRegSteps.java:113)
	at ?.And i get welcome page(src/test/resources/com/seleniumtests/cucumbertest/features/ClubRegNew.feature:16)
</pre></div></td>
<td>117</td>
<td>com.seleniumtests.cucumbertest.java.RunCucumberTests@25e01f19</td></tr>
</table><p>
</body>
</html>