<html>
<head>
<title>TestNG:  Test in FF</title>
<link href="../testng.css" rel="stylesheet" type="text/css" />
<link href="../my-testng.css" rel="stylesheet" type="text/css" />

<style type="text/css">
.log { display: none;} 
.stack-trace { display: none;} 
</style>
<script type="text/javascript">
<!--
function flip(e) {
  current = e.style.display;
  if (current == 'block') {
    e.style.display = 'none';
    return 0;
  }
  else {
    e.style.display = 'block';
    return 1;
  }
}

function toggleBox(szDivId, elem, msg1, msg2)
{
  var res = -1;  if (document.getElementById) {
    res = flip(document.getElementById(szDivId));
  }
  else if (document.all) {
    // this is the way old msie versions work
    res = flip(document.all[szDivId]);
  }
  if(elem) {
    if(res == 0) elem.innerHTML = msg1; else elem.innerHTML = msg2;
  }

}

function toggleAllBoxes() {
  if (document.getElementsByTagName) {
    d = document.getElementsByTagName('div');
    for (i = 0; i < d.length; i++) {
      if (d[i].className == 'log') {
        flip(d[i]);
      }
    }
  }
}

// -->
</script>

</head>
<body>
<h2 align='center'>Test in FF</h2><table border='1' align="center">
<tr>
<td>Tests passed/Failed/Skipped:</td><td>0/5/0</td>
</tr><tr>
<td>Started on:</td><td>Thu Oct 09 14:30:14 IST 2014</td>
</tr>
<tr><td>Total time:</td><td>377 seconds (377679 ms)</td>
</tr><tr>
<td>Included groups:</td><td></td>
</tr><tr>
<td>Excluded groups:</td><td></td>
</tr>
</table><p/>
<small><i>(Hover the method name to see the test class name)</i></small><p/>
<table width='100%' border='1' class='invocation-failed'>
<tr><td colspan='4' align='center'><b>FAILED TESTS</b></td></tr>
<tr><td><b>Test method</b></td>
<td width="30%"><b>Exception</b></td>
<td width="10%"><b>Time (seconds)</b></td>
<td><b>Instance</b></td>
</tr>
<tr>
<td title='com.seleniumtests.test.ClubReg.DuplicateClubRegistrationUsingCSVFile()'><b>DuplicateClubRegistrationUsingCSVFile</b><br>Test class: com.seleniumtests.test.ClubReg<br>Parameters: com.seleniumtests.dataobject.BBRegistrationDataClub@3563b708<br/>
<a href="#Output-1733263413" onClick='toggleBox("Output-1733263413", this, "Show output", "Hide output");'>Show output</a>

<a href="#Output-1733263413" onClick="toggleAllBoxes();">Show all outputs</a>
<div class='log' id="Output-1733263413">
firstName: 19SepC<br><br/>
firstNameUI: loginForm.firstName<br><br/>
lastName: club1<br><br/>
email: rj_190914_c1@mailinator.com<br><br/>
confirmEmail: rj_190914_c1@mailinator.com<br><br/>
password: 11111<br><br/>
confirmPassword: 11111<br><br/>
screenName: 19Sepclub1<br><br/>
dateOfBirth: 1978<br><br/>
phoneTextbox: 1111111111<br><br/>
shippingStreet1: 19SepC<br><br/>
shippingStreet2: club1<br><br/>
shippingCity: monttreal<br><br/>
shippingState: Quebec<br><br/>
shippingZip: h3b5l1<br><br/>
shippingCountry: Canada<br><br/>
ccFirstName: abc<br><br/>
ccLastName: xyz<br><br/>
ccType: Visa<br><br/>
ccNumber: 4222222222222<br><br/>
ccExp: 2021<br><br/>
ccCvv: 123<br><br/>
billingCB: true<br><br/>
coachReferral: false<br><br/>
coachReferral: <br><br/>
TnC: true<br><br/>
CASL: false<br><br/>
captchaText: 1111<br><br/>
Invalid Entry for New User<br><br/>
</div>
</td>
<td><div><pre>java.lang.AssertionError: java.lang.AssertionError: expected:&lt;false&gt; but was:&lt;true&gt;
	at com.thoughtworks.selenium.SeleneseTestBase.fail(SeleneseTestBase.java:391)
	at com.seleniumtests.core.CustomVerification.checkForVerificationErrors(CustomVerification.java:102)
	at com.seleniumtests.test.ClubReg.DuplicateClubRegistrationUsingCSVFile(ClubReg.java:113)
	at java.util.concurrent.ThreadPoolExecutor.runWorker(Unknown Source)
	at java.util.concurrent.ThreadPoolExecutor$Worker.run(Unknown Source)
	at java.lang.Thread.run(Unknown Source)
... Removed 16 stack frames</pre></div><a href='#' onClick='toggleBox("stack-trace1733263413", this, "Click to show all stack frames", "Click to hide stack frames")'>Click to show all stack frames</a>
<div class='stack-trace' id='stack-trace1733263413'><pre>java.lang.AssertionError: java.lang.AssertionError: expected:&lt;false&gt; but was:&lt;true&gt;
	at com.thoughtworks.selenium.SeleneseTestBase.fail(SeleneseTestBase.java:391)
	at com.seleniumtests.core.CustomVerification.checkForVerificationErrors(CustomVerification.java:102)
	at com.seleniumtests.test.ClubReg.DuplicateClubRegistrationUsingCSVFile(ClubReg.java:113)
	at sun.reflect.NativeMethodAccessorImpl.invoke0(Native Method)
	at sun.reflect.NativeMethodAccessorImpl.invoke(Unknown Source)
	at sun.reflect.DelegatingMethodAccessorImpl.invoke(Unknown Source)
	at java.lang.reflect.Method.invoke(Unknown Source)
	at org.testng.internal.MethodInvocationHelper.invokeMethod(MethodInvocationHelper.java:80)
	at org.testng.internal.Invoker.invokeMethod(Invoker.java:691)
	at org.testng.internal.Invoker.invokeTestMethod(Invoker.java:883)
	at org.testng.internal.Invoker.invokeTestMethods(Invoker.java:1208)
	at org.testng.internal.TestMethodWorker.invokeTestMethods(TestMethodWorker.java:127)
	at org.testng.internal.TestMethodWorker.run(TestMethodWorker.java:111)
	at org.testng.TestRunner.privateRun(TestRunner.java:758)
	at org.testng.TestRunner.run(TestRunner.java:613)
	at org.testng.SuiteRunner.runTest(SuiteRunner.java:334)
	at org.testng.SuiteRunner.access$000(SuiteRunner.java:37)
	at org.testng.SuiteRunner$SuiteWorker.run(SuiteRunner.java:368)
	at org.testng.internal.thread.ThreadUtil$CountDownLatchedRunnable.run(ThreadUtil.java:165)
	at java.util.concurrent.ThreadPoolExecutor.runWorker(Unknown Source)
	at java.util.concurrent.ThreadPoolExecutor$Worker.run(Unknown Source)
	at java.lang.Thread.run(Unknown Source)
</pre></div></td>
<td>68</td>
<td>com.seleniumtests.test.ClubReg@66c9844e</td></tr>
<tr>
<td title='com.seleniumtests.test.ClubReg.DuplicateClubRegistrationUsingCSVFile()'><b>DuplicateClubRegistrationUsingCSVFile</b><br>Test class: com.seleniumtests.test.ClubReg<br>Parameters: com.seleniumtests.dataobject.BBRegistrationDataClub@2bd2b2f9<br/>
<a href="#Output-636868074" onClick='toggleBox("Output-636868074", this, "Show output", "Hide output");'>Show output</a>

<a href="#Output-636868074" onClick="toggleAllBoxes();">Show all outputs</a>
<div class='log' id="Output-636868074">
firstName: 19SepC<br><br/>
firstNameUI: loginForm.firstName<br><br/>
lastName: <br><br/>
email: rj_190914_c2@mailinator.com<br><br/>
confirmEmail: rj_190914_c2@mailinator.com<br><br/>
password: 11111<br><br/>
confirmPassword: 11111<br><br/>
screenName: 19Sepclub2<br><br/>
dateOfBirth: 1978<br><br/>
phoneTextbox: 1111111111<br><br/>
shippingStreet1: 19SepC<br><br/>
shippingStreet2: club2<br><br/>
shippingCity: montreal<br><br/>
shippingState: Quebec<br><br/>
shippingZip: h3b5l1<br><br/>
shippingCountry: Canada<br><br/>
ccFirstName: abc<br><br/>
ccLastName: xyz<br><br/>
ccType: Visa<br><br/>
ccNumber: 4222222222222<br><br/>
ccExp: 2021<br><br/>
ccCvv: 123<br><br/>
billingCB: true<br><br/>
coachReferral: false<br><br/>
coachReferral: <br><br/>
TnC: true<br><br/>
CASL: false<br><br/>
captchaText: 1111<br><br/>
Not Duplicate User<br><br/>
Blank Entry for New user<br><br/>
</div>
</td>
<td><div><pre>java.lang.AssertionError: java.lang.AssertionError: expected:&lt;true&gt; but was:&lt;false&gt;java.lang.AssertionError: expected:&lt;false&gt; but was:&lt;true&gt;
	at com.thoughtworks.selenium.SeleneseTestBase.fail(SeleneseTestBase.java:391)
	at com.seleniumtests.core.CustomVerification.checkForVerificationErrors(CustomVerification.java:102)
	at com.seleniumtests.test.ClubReg.DuplicateClubRegistrationUsingCSVFile(ClubReg.java:113)
	at java.util.concurrent.ThreadPoolExecutor.runWorker(Unknown Source)
	at java.util.concurrent.ThreadPoolExecutor$Worker.run(Unknown Source)
	at java.lang.Thread.run(Unknown Source)
... Removed 16 stack frames</pre></div><a href='#' onClick='toggleBox("stack-trace636868074", this, "Click to show all stack frames", "Click to hide stack frames")'>Click to show all stack frames</a>
<div class='stack-trace' id='stack-trace636868074'><pre>java.lang.AssertionError: java.lang.AssertionError: expected:&lt;true&gt; but was:&lt;false&gt;java.lang.AssertionError: expected:&lt;false&gt; but was:&lt;true&gt;
	at com.thoughtworks.selenium.SeleneseTestBase.fail(SeleneseTestBase.java:391)
	at com.seleniumtests.core.CustomVerification.checkForVerificationErrors(CustomVerification.java:102)
	at com.seleniumtests.test.ClubReg.DuplicateClubRegistrationUsingCSVFile(ClubReg.java:113)
	at sun.reflect.NativeMethodAccessorImpl.invoke0(Native Method)
	at sun.reflect.NativeMethodAccessorImpl.invoke(Unknown Source)
	at sun.reflect.DelegatingMethodAccessorImpl.invoke(Unknown Source)
	at java.lang.reflect.Method.invoke(Unknown Source)
	at org.testng.internal.MethodInvocationHelper.invokeMethod(MethodInvocationHelper.java:80)
	at org.testng.internal.Invoker.invokeMethod(Invoker.java:691)
	at org.testng.internal.Invoker.invokeTestMethod(Invoker.java:883)
	at org.testng.internal.Invoker.invokeTestMethods(Invoker.java:1208)
	at org.testng.internal.TestMethodWorker.invokeTestMethods(TestMethodWorker.java:127)
	at org.testng.internal.TestMethodWorker.run(TestMethodWorker.java:111)
	at org.testng.TestRunner.privateRun(TestRunner.java:758)
	at org.testng.TestRunner.run(TestRunner.java:613)
	at org.testng.SuiteRunner.runTest(SuiteRunner.java:334)
	at org.testng.SuiteRunner.access$000(SuiteRunner.java:37)
	at org.testng.SuiteRunner$SuiteWorker.run(SuiteRunner.java:368)
	at org.testng.internal.thread.ThreadUtil$CountDownLatchedRunnable.run(ThreadUtil.java:165)
	at java.util.concurrent.ThreadPoolExecutor.runWorker(Unknown Source)
	at java.util.concurrent.ThreadPoolExecutor$Worker.run(Unknown Source)
	at java.lang.Thread.run(Unknown Source)
</pre></div></td>
<td>65</td>
<td>com.seleniumtests.test.ClubReg@66c9844e</td></tr>
<tr>
<td title='com.seleniumtests.test.ClubReg.DuplicateClubRegistrationUsingCSVFile()'><b>DuplicateClubRegistrationUsingCSVFile</b><br>Test class: com.seleniumtests.test.ClubReg<br>Parameters: com.seleniumtests.dataobject.BBRegistrationDataClub@144e5ea5<br/>
<a href="#Output-1037436980" onClick='toggleBox("Output-1037436980", this, "Show output", "Hide output");'>Show output</a>

<a href="#Output-1037436980" onClick="toggleAllBoxes();">Show all outputs</a>
<div class='log' id="Output-1037436980">
firstName: 19SepC<br><br/>
firstNameUI: loginForm.firstName<br><br/>
lastName: club3<br><br/>
email: rj_190914_c3@mailinator.com<br><br/>
confirmEmail: rj_190914_c3@mailinator.com<br><br/>
password: 11111<br><br/>
confirmPassword: 11111<br><br/>
screenName: 19Sepclub3<br><br/>
dateOfBirth: 1978<br><br/>
phoneTextbox: 1111111111<br><br/>
shippingStreet1: 19SepC<br><br/>
shippingStreet2: club3<br><br/>
shippingCity: montreal<br><br/>
shippingState: Quebec<br><br/>
shippingZip: h3b5l1<br><br/>
shippingCountry: Canada<br><br/>
ccFirstName: abc<br><br/>
ccLastName: xyz<br><br/>
ccType: Visa<br><br/>
ccNumber: 4222222222222<br><br/>
ccExp: 2021<br><br/>
ccCvv: 123<br><br/>
billingCB: true<br><br/>
coachReferral: false<br><br/>
coachReferral: <br><br/>
TnC: true<br><br/>
CASL: false<br><br/>
captchaText: 1234<br><br/>
Not Duplicate User<br><br/>
Invalid Captcha<br><br/>
</div>
</td>
<td><div><pre>java.lang.AssertionError: java.lang.AssertionError: expected:&lt;true&gt; but was:&lt;false&gt;java.lang.AssertionError: expected:&lt;false&gt; but was:&lt;true&gt;
	at com.thoughtworks.selenium.SeleneseTestBase.fail(SeleneseTestBase.java:391)
	at com.seleniumtests.core.CustomVerification.checkForVerificationErrors(CustomVerification.java:102)
	at com.seleniumtests.test.ClubReg.DuplicateClubRegistrationUsingCSVFile(ClubReg.java:113)
	at java.util.concurrent.ThreadPoolExecutor.runWorker(Unknown Source)
	at java.util.concurrent.ThreadPoolExecutor$Worker.run(Unknown Source)
	at java.lang.Thread.run(Unknown Source)
... Removed 16 stack frames</pre></div><a href='#' onClick='toggleBox("stack-trace1037436980", this, "Click to show all stack frames", "Click to hide stack frames")'>Click to show all stack frames</a>
<div class='stack-trace' id='stack-trace1037436980'><pre>java.lang.AssertionError: java.lang.AssertionError: expected:&lt;true&gt; but was:&lt;false&gt;java.lang.AssertionError: expected:&lt;false&gt; but was:&lt;true&gt;
	at com.thoughtworks.selenium.SeleneseTestBase.fail(SeleneseTestBase.java:391)
	at com.seleniumtests.core.CustomVerification.checkForVerificationErrors(CustomVerification.java:102)
	at com.seleniumtests.test.ClubReg.DuplicateClubRegistrationUsingCSVFile(ClubReg.java:113)
	at sun.reflect.NativeMethodAccessorImpl.invoke0(Native Method)
	at sun.reflect.NativeMethodAccessorImpl.invoke(Unknown Source)
	at sun.reflect.DelegatingMethodAccessorImpl.invoke(Unknown Source)
	at java.lang.reflect.Method.invoke(Unknown Source)
	at org.testng.internal.MethodInvocationHelper.invokeMethod(MethodInvocationHelper.java:80)
	at org.testng.internal.Invoker.invokeMethod(Invoker.java:691)
	at org.testng.internal.Invoker.invokeTestMethod(Invoker.java:883)
	at org.testng.internal.Invoker.invokeTestMethods(Invoker.java:1208)
	at org.testng.internal.TestMethodWorker.invokeTestMethods(TestMethodWorker.java:127)
	at org.testng.internal.TestMethodWorker.run(TestMethodWorker.java:111)
	at org.testng.TestRunner.privateRun(TestRunner.java:758)
	at org.testng.TestRunner.run(TestRunner.java:613)
	at org.testng.SuiteRunner.runTest(SuiteRunner.java:334)
	at org.testng.SuiteRunner.access$000(SuiteRunner.java:37)
	at org.testng.SuiteRunner$SuiteWorker.run(SuiteRunner.java:368)
	at org.testng.internal.thread.ThreadUtil$CountDownLatchedRunnable.run(ThreadUtil.java:165)
	at java.util.concurrent.ThreadPoolExecutor.runWorker(Unknown Source)
	at java.util.concurrent.ThreadPoolExecutor$Worker.run(Unknown Source)
	at java.lang.Thread.run(Unknown Source)
</pre></div></td>
<td>66</td>
<td>com.seleniumtests.test.ClubReg@66c9844e</td></tr>
<tr>
<td title='com.seleniumtests.test.ClubReg.DuplicateClubRegistrationUsingCSVFile()'><b>DuplicateClubRegistrationUsingCSVFile</b><br>Test class: com.seleniumtests.test.ClubReg<br>Parameters: com.seleniumtests.dataobject.BBRegistrationDataClub@4e56c411<br/>
<a href="#Output-1387590982" onClick='toggleBox("Output-1387590982", this, "Show output", "Hide output");'>Show output</a>

<a href="#Output-1387590982" onClick="toggleAllBoxes();">Show all outputs</a>
<div class='log' id="Output-1387590982">
firstName: 19SepC<br><br/>
firstNameUI: loginForm.firstName<br><br/>
lastName: club4<br><br/>
email: rj_190914_c4@mailinator.com<br><br/>
confirmEmail: rj_190914_c4@mailinator.com<br><br/>
password: 11111<br><br/>
confirmPassword: 11111<br><br/>
screenName: 19Sepclub4<br><br/>
dateOfBirth: 1978<br><br/>
phoneTextbox: 1111111111<br><br/>
shippingStreet1: 19SepC<br><br/>
shippingStreet2: club4<br><br/>
shippingCity: montreal<br><br/>
shippingState: Quebec<br><br/>
shippingZip: h3b5l1<br><br/>
shippingCountry: Canada<br><br/>
ccFirstName: abc<br><br/>
ccLastName: xyz<br><br/>
ccType: Visa<br><br/>
ccNumber: 4222222222222<br><br/>
ccExp: 2021<br><br/>
ccCvv: 123<br><br/>
billingCB: true<br><br/>
coachReferral: true<br><br/>
coachReferral: 99<br><br/>
TnC: true<br><br/>
CASL: true<br><br/>
captchaText: 1111<br><br/>
Blank Entry for New user<br><br/>
</div>
</td>
<td><div><pre>java.lang.AssertionError: java.lang.AssertionError: expected:&lt;false&gt; but was:&lt;true&gt;
	at com.thoughtworks.selenium.SeleneseTestBase.fail(SeleneseTestBase.java:391)
	at com.seleniumtests.core.CustomVerification.checkForVerificationErrors(CustomVerification.java:102)
	at com.seleniumtests.test.ClubReg.DuplicateClubRegistrationUsingCSVFile(ClubReg.java:113)
	at java.util.concurrent.ThreadPoolExecutor.runWorker(Unknown Source)
	at java.util.concurrent.ThreadPoolExecutor$Worker.run(Unknown Source)
	at java.lang.Thread.run(Unknown Source)
... Removed 16 stack frames</pre></div><a href='#' onClick='toggleBox("stack-trace1387590982", this, "Click to show all stack frames", "Click to hide stack frames")'>Click to show all stack frames</a>
<div class='stack-trace' id='stack-trace1387590982'><pre>java.lang.AssertionError: java.lang.AssertionError: expected:&lt;false&gt; but was:&lt;true&gt;
	at com.thoughtworks.selenium.SeleneseTestBase.fail(SeleneseTestBase.java:391)
	at com.seleniumtests.core.CustomVerification.checkForVerificationErrors(CustomVerification.java:102)
	at com.seleniumtests.test.ClubReg.DuplicateClubRegistrationUsingCSVFile(ClubReg.java:113)
	at sun.reflect.NativeMethodAccessorImpl.invoke0(Native Method)
	at sun.reflect.NativeMethodAccessorImpl.invoke(Unknown Source)
	at sun.reflect.DelegatingMethodAccessorImpl.invoke(Unknown Source)
	at java.lang.reflect.Method.invoke(Unknown Source)
	at org.testng.internal.MethodInvocationHelper.invokeMethod(MethodInvocationHelper.java:80)
	at org.testng.internal.Invoker.invokeMethod(Invoker.java:691)
	at org.testng.internal.Invoker.invokeTestMethod(Invoker.java:883)
	at org.testng.internal.Invoker.invokeTestMethods(Invoker.java:1208)
	at org.testng.internal.TestMethodWorker.invokeTestMethods(TestMethodWorker.java:127)
	at org.testng.internal.TestMethodWorker.run(TestMethodWorker.java:111)
	at org.testng.TestRunner.privateRun(TestRunner.java:758)
	at org.testng.TestRunner.run(TestRunner.java:613)
	at org.testng.SuiteRunner.runTest(SuiteRunner.java:334)
	at org.testng.SuiteRunner.access$000(SuiteRunner.java:37)
	at org.testng.SuiteRunner$SuiteWorker.run(SuiteRunner.java:368)
	at org.testng.internal.thread.ThreadUtil$CountDownLatchedRunnable.run(ThreadUtil.java:165)
	at java.util.concurrent.ThreadPoolExecutor.runWorker(Unknown Source)
	at java.util.concurrent.ThreadPoolExecutor$Worker.run(Unknown Source)
	at java.lang.Thread.run(Unknown Source)
</pre></div></td>
<td>60</td>
<td>com.seleniumtests.test.ClubReg@66c9844e</td></tr>
<tr>
<td title='com.seleniumtests.test.ClubReg.DuplicateClubRegistrationUsingCSVFile()'><b>DuplicateClubRegistrationUsingCSVFile</b><br>Test class: com.seleniumtests.test.ClubReg<br>Parameters: com.seleniumtests.dataobject.BBRegistrationDataClub@76701229<br/>
<a href="#Output-883007893" onClick='toggleBox("Output-883007893", this, "Show output", "Hide output");'>Show output</a>

<a href="#Output-883007893" onClick="toggleAllBoxes();">Show all outputs</a>
<div class='log' id="Output-883007893">
firstName: 19SepC<br><br/>
firstNameUI: loginForm.firstName<br><br/>
lastName: club6<br><br/>
email: rj_190914_c6@mailinator.com<br><br/>
confirmEmail: rj_190914_c6@mailinator.com<br><br/>
password: 11111<br><br/>
confirmPassword: 11111<br><br/>
screenName: 19Sepclub6<br><br/>
dateOfBirth: 1978<br><br/>
phoneTextbox: 1111111111<br><br/>
shippingStreet1: 19SepC<br><br/>
shippingStreet2: club6<br><br/>
shippingCity: montreal<br><br/>
shippingState: Quebec<br><br/>
shippingZip: h3b5l1<br><br/>
shippingCountry: Canada<br><br/>
ccFirstName: abc<br><br/>
ccLastName: xyz<br><br/>
ccType: Visa<br><br/>
ccNumber: 4222222222222<br><br/>
ccExp: 2021<br><br/>
ccCvv: 123<br><br/>
billingCB: true<br><br/>
coachReferral: true<br><br/>
coachReferral: 994<br><br/>
TnC: true<br><br/>
CASL: true<br><br/>
captchaText: 1111<br><br/>
Blank Entry for New user<br><br/>
</div>
</td>
<td><div><pre>java.lang.AssertionError: java.lang.AssertionError: expected:&lt;false&gt; but was:&lt;true&gt;
	at com.thoughtworks.selenium.SeleneseTestBase.fail(SeleneseTestBase.java:391)
	at com.seleniumtests.core.CustomVerification.checkForVerificationErrors(CustomVerification.java:102)
	at com.seleniumtests.test.ClubReg.DuplicateClubRegistrationUsingCSVFile(ClubReg.java:113)
	at java.util.concurrent.ThreadPoolExecutor.runWorker(Unknown Source)
	at java.util.concurrent.ThreadPoolExecutor$Worker.run(Unknown Source)
	at java.lang.Thread.run(Unknown Source)
... Removed 16 stack frames</pre></div><a href='#' onClick='toggleBox("stack-trace883007893", this, "Click to show all stack frames", "Click to hide stack frames")'>Click to show all stack frames</a>
<div class='stack-trace' id='stack-trace883007893'><pre>java.lang.AssertionError: java.lang.AssertionError: expected:&lt;false&gt; but was:&lt;true&gt;
	at com.thoughtworks.selenium.SeleneseTestBase.fail(SeleneseTestBase.java:391)
	at com.seleniumtests.core.CustomVerification.checkForVerificationErrors(CustomVerification.java:102)
	at com.seleniumtests.test.ClubReg.DuplicateClubRegistrationUsingCSVFile(ClubReg.java:113)
	at sun.reflect.NativeMethodAccessorImpl.invoke0(Native Method)
	at sun.reflect.NativeMethodAccessorImpl.invoke(Unknown Source)
	at sun.reflect.DelegatingMethodAccessorImpl.invoke(Unknown Source)
	at java.lang.reflect.Method.invoke(Unknown Source)
	at org.testng.internal.MethodInvocationHelper.invokeMethod(MethodInvocationHelper.java:80)
	at org.testng.internal.Invoker.invokeMethod(Invoker.java:691)
	at org.testng.internal.Invoker.invokeTestMethod(Invoker.java:883)
	at org.testng.internal.Invoker.invokeTestMethods(Invoker.java:1208)
	at org.testng.internal.TestMethodWorker.invokeTestMethods(TestMethodWorker.java:127)
	at org.testng.internal.TestMethodWorker.run(TestMethodWorker.java:111)
	at org.testng.TestRunner.privateRun(TestRunner.java:758)
	at org.testng.TestRunner.run(TestRunner.java:613)
	at org.testng.SuiteRunner.runTest(SuiteRunner.java:334)
	at org.testng.SuiteRunner.access$000(SuiteRunner.java:37)
	at org.testng.SuiteRunner$SuiteWorker.run(SuiteRunner.java:368)
	at org.testng.internal.thread.ThreadUtil$CountDownLatchedRunnable.run(ThreadUtil.java:165)
	at java.util.concurrent.ThreadPoolExecutor.runWorker(Unknown Source)
	at java.util.concurrent.ThreadPoolExecutor$Worker.run(Unknown Source)
	at java.lang.Thread.run(Unknown Source)
</pre></div></td>
<td>71</td>
<td>com.seleniumtests.test.ClubReg@66c9844e</td></tr>
</table><p>
</body>
</html>