<html>
<head>
<title>TestNG:  Test in Chrome</title>
<link href="../testng.css" rel="stylesheet" type="text/css" />
<link href="../my-testng.css" rel="stylesheet" type="text/css" />

<style type="text/css">
.log { display: none;} 
.stack-trace { display: none;} 
</style>
<script type="text/javascript">
<!--
function flip(e) {
  current = e.style.display;
  if (current == 'block') {
    e.style.display = 'none';
    return 0;
  }
  else {
    e.style.display = 'block';
    return 1;
  }
}

function toggleBox(szDivId, elem, msg1, msg2)
{
  var res = -1;  if (document.getElementById) {
    res = flip(document.getElementById(szDivId));
  }
  else if (document.all) {
    // this is the way old msie versions work
    res = flip(document.all[szDivId]);
  }
  if(elem) {
    if(res == 0) elem.innerHTML = msg1; else elem.innerHTML = msg2;
  }

}

function toggleAllBoxes() {
  if (document.getElementsByTagName) {
    d = document.getElementsByTagName('div');
    for (i = 0; i < d.length; i++) {
      if (d[i].className == 'log') {
        flip(d[i]);
      }
    }
  }
}

// -->
</script>

</head>
<body>
<h2 align='center'>Test in Chrome</h2><table border='1' align="center">
<tr>
<td>Tests passed/Failed/Skipped:</td><td>0/2/3</td>
</tr><tr>
<td>Started on:</td><td>Wed Oct 08 22:05:10 IST 2014</td>
</tr>
<tr><td>Total time:</td><td>98 seconds (98949 ms)</td>
</tr><tr>
<td>Included groups:</td><td></td>
</tr><tr>
<td>Excluded groups:</td><td></td>
</tr>
</table><p/>
<small><i>(Hover the method name to see the test class name)</i></small><p/>
<table width='100%' border='1' class='invocation-failed'>
<tr><td colspan='4' align='center'><b>FAILED CONFIGURATIONS</b></td></tr>
<tr><td><b>Test method</b></td>
<td width="30%"><b>Exception</b></td>
<td width="10%"><b>Time (seconds)</b></td>
<td><b>Instance</b></td>
</tr>
<tr>
<td title='com.seleniumtests.test.ClubReg.closeBrowser()'><b>closeBrowser</b><br>Test class: com.seleniumtests.test.ClubReg<br>Parameters: [TestResult: DuplicateClubRegistrationUsingCSVFile STATUS:FAILURE METHOD:ClubReg.DuplicateClubRegistrationUsingCSVFile(com.seleniumtests.dataobject.BBRegistrationDataClub)[pri:0, instance:com.seleniumtests.test.ClubReg@2b7ac7ba]firstName: 19SepC<br></td>
<td><div><pre>org.openqa.selenium.WebDriverException: unknown error: cannot take screenshot
from unknown error: Internal error while trying to capture visible region of the current tab
JavaScript stack:
Error: Internal error while trying to capture visible region of the current tab
    at checkForExtensionError (chrome-extension://aapnijgdinlhnhlmodcfapnahmbfebeb/background.js:14:17)
    at Object.callback (chrome-extension://aapnijgdinlhnhlmodcfapnahmbfebeb/background.js:37:5)
    at Function.target.(anonymous function) (extensions::SafeBuiltins:19:14)
    at safeCallbackApply (extensions::sendRequest:22:15)
    at handleResponse (extensions::sendRequest:77:7)
  (Session info: chrome=37.0.2062.124)
  (Driver info: chromedriver=2.10.267521,platform=Windows NT 6.1 x86_64) (WARNING: The server did not provide any stacktrace information)
Command duration or timeout: 134 milliseconds
Build info: version: &apos;2.43.0&apos;, revision: &apos;accb3003b9fb8f7cae30f9669b4c594a065396a6&apos;, time: &apos;2014-09-09 22:22:51&apos;
System info: host: &apos;RJINDAL&apos;, ip: &apos;192.168.207.186&apos;, os.name: &apos;Windows 7&apos;, os.arch: &apos;amd64&apos;, os.version: &apos;6.1&apos;, java.version: &apos;1.7.0_67&apos;
Session ID: 4e4047a0406c396fd9bb943d862f1b48
Driver info: org.openqa.selenium.chrome.ChromeDriver
Capabilities [{platform=XP, acceptSslCerts=true, javascriptEnabled=true, browserName=chrome, chrome={userDataDir=C:\Users\Ravi\AppData\Local\Temp\scoped_dir18348_25107}, rotatable=false, locationContextEnabled=true, version=37.0.2062.124, takesHeapSnapshot=true, cssSelectorsEnabled=true, databaseEnabled=false, handlesAlerts=true, browserConnectionEnabled=false, nativeEvents=true, webStorageEnabled=true, applicationCacheEnabled=false, takesScreenshot=true}]
	at org.openqa.selenium.remote.ErrorHandler.createThrowable(ErrorHandler.java:204)
	at org.openqa.selenium.remote.ErrorHandler.throwIfResponseFailed(ErrorHandler.java:156)
	at org.openqa.selenium.remote.RemoteWebDriver.execute(RemoteWebDriver.java:599)
	at org.openqa.selenium.remote.RemoteWebDriver.execute(RemoteWebDriver.java:614)
	at org.openqa.selenium.remote.RemoteWebDriver.getScreenshotAs(RemoteWebDriver.java:324)
	at com.seleniumtests.core.DriverFactory.closeBrowser(DriverFactory.java:114)
	at java.util.concurrent.ThreadPoolExecutor.runWorker(ThreadPoolExecutor.java:1145)
	at java.util.concurrent.ThreadPoolExecutor$Worker.run(ThreadPoolExecutor.java:615)
	at java.lang.Thread.run(Thread.java:745)
... Removed 22 stack frames</pre></div><a href='#' onClick='toggleBox("stack-trace1125351179", this, "Click to show all stack frames", "Click to hide stack frames")'>Click to show all stack frames</a>
<div class='stack-trace' id='stack-trace1125351179'><pre>org.openqa.selenium.WebDriverException: unknown error: cannot take screenshot
from unknown error: Internal error while trying to capture visible region of the current tab
JavaScript stack:
Error: Internal error while trying to capture visible region of the current tab
    at checkForExtensionError (chrome-extension://aapnijgdinlhnhlmodcfapnahmbfebeb/background.js:14:17)
    at Object.callback (chrome-extension://aapnijgdinlhnhlmodcfapnahmbfebeb/background.js:37:5)
    at Function.target.(anonymous function) (extensions::SafeBuiltins:19:14)
    at safeCallbackApply (extensions::sendRequest:22:15)
    at handleResponse (extensions::sendRequest:77:7)
  (Session info: chrome=37.0.2062.124)
  (Driver info: chromedriver=2.10.267521,platform=Windows NT 6.1 x86_64) (WARNING: The server did not provide any stacktrace information)
Command duration or timeout: 134 milliseconds
Build info: version: '2.43.0', revision: 'accb3003b9fb8f7cae30f9669b4c594a065396a6', time: '2014-09-09 22:22:51'
System info: host: 'RJINDAL', ip: '192.168.207.186', os.name: 'Windows 7', os.arch: 'amd64', os.version: '6.1', java.version: '1.7.0_67'
Session ID: 4e4047a0406c396fd9bb943d862f1b48
Driver info: org.openqa.selenium.chrome.ChromeDriver
Capabilities [{platform=XP, acceptSslCerts=true, javascriptEnabled=true, browserName=chrome, chrome={userDataDir=C:\Users\Ravi\AppData\Local\Temp\scoped_dir18348_25107}, rotatable=false, locationContextEnabled=true, version=37.0.2062.124, takesHeapSnapshot=true, cssSelectorsEnabled=true, databaseEnabled=false, handlesAlerts=true, browserConnectionEnabled=false, nativeEvents=true, webStorageEnabled=true, applicationCacheEnabled=false, takesScreenshot=true}]
	at sun.reflect.NativeConstructorAccessorImpl.newInstance0(Native Method)
	at sun.reflect.NativeConstructorAccessorImpl.newInstance(NativeConstructorAccessorImpl.java:57)
	at sun.reflect.DelegatingConstructorAccessorImpl.newInstance(DelegatingConstructorAccessorImpl.java:45)
	at java.lang.reflect.Constructor.newInstance(Constructor.java:526)
	at org.openqa.selenium.remote.ErrorHandler.createThrowable(ErrorHandler.java:204)
	at org.openqa.selenium.remote.ErrorHandler.throwIfResponseFailed(ErrorHandler.java:156)
	at org.openqa.selenium.remote.RemoteWebDriver.execute(RemoteWebDriver.java:599)
	at org.openqa.selenium.remote.RemoteWebDriver.execute(RemoteWebDriver.java:614)
	at org.openqa.selenium.remote.RemoteWebDriver.getScreenshotAs(RemoteWebDriver.java:324)
	at com.seleniumtests.core.DriverFactory.closeBrowser(DriverFactory.java:114)
	at sun.reflect.NativeMethodAccessorImpl.invoke0(Native Method)
	at sun.reflect.NativeMethodAccessorImpl.invoke(NativeMethodAccessorImpl.java:57)
	at sun.reflect.DelegatingMethodAccessorImpl.invoke(DelegatingMethodAccessorImpl.java:43)
	at java.lang.reflect.Method.invoke(Method.java:606)
	at org.testng.internal.MethodInvocationHelper.invokeMethod(MethodInvocationHelper.java:80)
	at org.testng.internal.Invoker.invokeConfigurationMethod(Invoker.java:543)
	at org.testng.internal.Invoker.invokeConfigurations(Invoker.java:212)
	at org.testng.internal.Invoker.invokeMethod(Invoker.java:772)
	at org.testng.internal.Invoker.invokeTestMethod(Invoker.java:883)
	at org.testng.internal.Invoker.invokeTestMethods(Invoker.java:1208)
	at org.testng.internal.TestMethodWorker.invokeTestMethods(TestMethodWorker.java:127)
	at org.testng.internal.TestMethodWorker.run(TestMethodWorker.java:111)
	at org.testng.TestRunner.privateRun(TestRunner.java:758)
	at org.testng.TestRunner.run(TestRunner.java:613)
	at org.testng.SuiteRunner.runTest(SuiteRunner.java:334)
	at org.testng.SuiteRunner.access$000(SuiteRunner.java:37)
	at org.testng.SuiteRunner$SuiteWorker.run(SuiteRunner.java:368)
	at org.testng.internal.thread.ThreadUtil$CountDownLatchedRunnable.run(ThreadUtil.java:165)
	at java.util.concurrent.ThreadPoolExecutor.runWorker(ThreadPoolExecutor.java:1145)
	at java.util.concurrent.ThreadPoolExecutor$Worker.run(ThreadPoolExecutor.java:615)
	at java.lang.Thread.run(Thread.java:745)
</pre></div></td>
<td>0</td>
<td>com.seleniumtests.test.ClubReg@2b7ac7ba</td></tr>
</table><p>
<table width='100%' border='1' class='invocation-skipped'>
<tr><td colspan='4' align='center'><b>SKIPPED CONFIGURATIONS</b></td></tr>
<tr><td><b>Test method</b></td>
<td width="30%"><b>Exception</b></td>
<td width="10%"><b>Time (seconds)</b></td>
<td><b>Instance</b></td>
</tr>
<tr>
<td title='com.seleniumtests.test.ClubReg.launchBrowser()'><b>launchBrowser</b><br>Test class: com.seleniumtests.test.ClubReg</td>
<td></td>
<td>0</td>
<td>com.seleniumtests.test.ClubReg@2b7ac7ba</td></tr>
<tr>
<td title='com.seleniumtests.test.ClubReg.setEnv()'><b>setEnv</b><br>Test class: com.seleniumtests.test.ClubReg</td>
<td></td>
<td>0</td>
<td>com.seleniumtests.test.ClubReg@2b7ac7ba</td></tr>
<tr>
<td title='com.seleniumtests.test.ClubReg.launchBrowser()'><b>launchBrowser</b><br>Test class: com.seleniumtests.test.ClubReg</td>
<td></td>
<td>0</td>
<td>com.seleniumtests.test.ClubReg@2b7ac7ba</td></tr>
<tr>
<td title='com.seleniumtests.test.ClubReg.setEnv()'><b>setEnv</b><br>Test class: com.seleniumtests.test.ClubReg</td>
<td></td>
<td>0</td>
<td>com.seleniumtests.test.ClubReg@2b7ac7ba</td></tr>
<tr>
<td title='com.seleniumtests.test.ClubReg.launchBrowser()'><b>launchBrowser</b><br>Test class: com.seleniumtests.test.ClubReg</td>
<td></td>
<td>0</td>
<td>com.seleniumtests.test.ClubReg@2b7ac7ba</td></tr>
<tr>
<td title='com.seleniumtests.test.ClubReg.setEnv()'><b>setEnv</b><br>Test class: com.seleniumtests.test.ClubReg</td>
<td></td>
<td>0</td>
<td>com.seleniumtests.test.ClubReg@2b7ac7ba</td></tr>
<tr>
<td title='com.seleniumtests.test.ClubReg.closeBrowser()'><b>closeBrowser</b><br>Test class: com.seleniumtests.test.ClubReg</td>
<td></td>
<td>0</td>
<td>com.seleniumtests.test.ClubReg@2b7ac7ba</td></tr>
<tr>
<td title='com.seleniumtests.test.ClubReg.closeBrowser()'><b>closeBrowser</b><br>Test class: com.seleniumtests.test.ClubReg</td>
<td></td>
<td>0</td>
<td>com.seleniumtests.test.ClubReg@2b7ac7ba</td></tr>
<tr>
<td title='com.seleniumtests.test.ClubReg.closeBrowser()'><b>closeBrowser</b><br>Test class: com.seleniumtests.test.ClubReg</td>
<td></td>
<td>0</td>
<td>com.seleniumtests.test.ClubReg@2b7ac7ba</td></tr>
</table><p>
<table width='100%' border='1' class='invocation-failed'>
<tr><td colspan='4' align='center'><b>FAILED TESTS</b></td></tr>
<tr><td><b>Test method</b></td>
<td width="30%"><b>Exception</b></td>
<td width="10%"><b>Time (seconds)</b></td>
<td><b>Instance</b></td>
</tr>
<tr>
<td title='com.seleniumtests.test.ClubReg.DuplicateClubRegistrationUsingCSVFile()'><b>DuplicateClubRegistrationUsingCSVFile</b><br>Test class: com.seleniumtests.test.ClubReg<br>Parameters: com.seleniumtests.dataobject.BBRegistrationDataClub@23e57ff9<br/>
<a href="#Output-1927482426" onClick='toggleBox("Output-1927482426", this, "Show output", "Hide output");'>Show output</a>

<a href="#Output-1927482426" onClick="toggleAllBoxes();">Show all outputs</a>
<div class='log' id="Output-1927482426">
firstName: 19SepC<br><br/>
lastName: club1<br><br/>
email: rj_190914_c1@mailinator.com<br><br/>
confirmEmail: rj_190914_c1@mailinator.com<br><br/>
password: 11111<br><br/>
confirmPassword: 11111<br><br/>
screenName: 19Sepclub1<br><br/>
dateOfBirth: 1978<br><br/>
phoneTextbox: 1111111111<br><br/>
shippingStreet1: 19SepC<br><br/>
shippingStreet2: club1<br><br/>
shippingCity: monttreal<br><br/>
shippingState: Quebec<br><br/>
shippingZip: h3b5l1<br><br/>
shippingCountry: Canada<br><br/>
ccFirstName: abc<br><br/>
ccLastName: xyz<br><br/>
ccType: Visa<br><br/>
ccNumber: 4222222222222<br><br/>
ccExp: 2021<br><br/>
ccCvv: 123<br><br/>
billingCB: true<br><br/>
coachReferral: false<br><br/>
coachReferral: <br><br/>
TnC: true<br><br/>
CASL: false<br><br/>
captchaText: 1111<br><br/>
Invalid Entry for New User<br><br/>
</div>
</td>
<td><div><pre>java.lang.AssertionError: java.lang.AssertionError: expected:&lt;false&gt; but was:&lt;true&gt;
	at com.thoughtworks.selenium.SeleneseTestBase.fail(SeleneseTestBase.java:391)
	at com.seleniumtests.core.CustomVerification.checkForVerificationErrors(CustomVerification.java:102)
	at com.seleniumtests.test.ClubReg.DuplicateClubRegistrationUsingCSVFile(ClubReg.java:113)
	at java.util.concurrent.ThreadPoolExecutor.runWorker(ThreadPoolExecutor.java:1145)
	at java.util.concurrent.ThreadPoolExecutor$Worker.run(ThreadPoolExecutor.java:615)
	at java.lang.Thread.run(Thread.java:745)
... Removed 16 stack frames</pre></div><a href='#' onClick='toggleBox("stack-trace1927482426", this, "Click to show all stack frames", "Click to hide stack frames")'>Click to show all stack frames</a>
<div class='stack-trace' id='stack-trace1927482426'><pre>java.lang.AssertionError: java.lang.AssertionError: expected:&lt;false&gt; but was:&lt;true&gt;
	at com.thoughtworks.selenium.SeleneseTestBase.fail(SeleneseTestBase.java:391)
	at com.seleniumtests.core.CustomVerification.checkForVerificationErrors(CustomVerification.java:102)
	at com.seleniumtests.test.ClubReg.DuplicateClubRegistrationUsingCSVFile(ClubReg.java:113)
	at sun.reflect.NativeMethodAccessorImpl.invoke0(Native Method)
	at sun.reflect.NativeMethodAccessorImpl.invoke(NativeMethodAccessorImpl.java:57)
	at sun.reflect.DelegatingMethodAccessorImpl.invoke(DelegatingMethodAccessorImpl.java:43)
	at java.lang.reflect.Method.invoke(Method.java:606)
	at org.testng.internal.MethodInvocationHelper.invokeMethod(MethodInvocationHelper.java:80)
	at org.testng.internal.Invoker.invokeMethod(Invoker.java:691)
	at org.testng.internal.Invoker.invokeTestMethod(Invoker.java:883)
	at org.testng.internal.Invoker.invokeTestMethods(Invoker.java:1208)
	at org.testng.internal.TestMethodWorker.invokeTestMethods(TestMethodWorker.java:127)
	at org.testng.internal.TestMethodWorker.run(TestMethodWorker.java:111)
	at org.testng.TestRunner.privateRun(TestRunner.java:758)
	at org.testng.TestRunner.run(TestRunner.java:613)
	at org.testng.SuiteRunner.runTest(SuiteRunner.java:334)
	at org.testng.SuiteRunner.access$000(SuiteRunner.java:37)
	at org.testng.SuiteRunner$SuiteWorker.run(SuiteRunner.java:368)
	at org.testng.internal.thread.ThreadUtil$CountDownLatchedRunnable.run(ThreadUtil.java:165)
	at java.util.concurrent.ThreadPoolExecutor.runWorker(ThreadPoolExecutor.java:1145)
	at java.util.concurrent.ThreadPoolExecutor$Worker.run(ThreadPoolExecutor.java:615)
	at java.lang.Thread.run(Thread.java:745)
</pre></div></td>
<td>37</td>
<td>com.seleniumtests.test.ClubReg@2b7ac7ba</td></tr>
<tr>
<td title='com.seleniumtests.test.ClubReg.DuplicateClubRegistrationUsingCSVFile()'><b>DuplicateClubRegistrationUsingCSVFile</b><br>Test class: com.seleniumtests.test.ClubReg<br>Parameters: com.seleniumtests.dataobject.BBRegistrationDataClub@58eaa7a1<br/>
<a href="#Output-8811427" onClick='toggleBox("Output-8811427", this, "Show output", "Hide output");'>Show output</a>

<a href="#Output-8811427" onClick="toggleAllBoxes();">Show all outputs</a>
<div class='log' id="Output-8811427">
firstName: 19SepC<br><br/>
lastName: <br><br/>
email: rj_190914_c2@mailinator.com<br><br/>
confirmEmail: rj_190914_c2@mailinator.com<br><br/>
password: 11111<br><br/>
confirmPassword: 11111<br><br/>
screenName: 19Sepclub2<br><br/>
dateOfBirth: 1978<br><br/>
phoneTextbox: 1111111111<br><br/>
shippingStreet1: 19SepC<br><br/>
shippingStreet2: club2<br><br/>
shippingCity: montreal<br><br/>
shippingState: Quebec<br><br/>
shippingZip: h3b5l1<br><br/>
shippingCountry: Canada<br><br/>
ccFirstName: abc<br><br/>
ccLastName: xyz<br><br/>
ccType: Visa<br><br/>
ccNumber: 4222222222222<br><br/>
ccExp: 2021<br><br/>
ccCvv: 123<br><br/>
billingCB: true<br><br/>
coachReferral: false<br><br/>
coachReferral: <br><br/>
TnC: true<br><br/>
CASL: false<br><br/>
captchaText: 1111<br><br/>
Not Duplicate User<br><br/>
Blank Entry for New user<br><br/>
</div>
</td>
<td><div><pre>java.lang.AssertionError: java.lang.AssertionError: expected:&lt;true&gt; but was:&lt;false&gt;java.lang.AssertionError: expected:&lt;false&gt; but was:&lt;true&gt;
	at com.thoughtworks.selenium.SeleneseTestBase.fail(SeleneseTestBase.java:391)
	at com.seleniumtests.core.CustomVerification.checkForVerificationErrors(CustomVerification.java:102)
	at com.seleniumtests.test.ClubReg.DuplicateClubRegistrationUsingCSVFile(ClubReg.java:113)
	at java.util.concurrent.ThreadPoolExecutor.runWorker(ThreadPoolExecutor.java:1145)
	at java.util.concurrent.ThreadPoolExecutor$Worker.run(ThreadPoolExecutor.java:615)
	at java.lang.Thread.run(Thread.java:745)
... Removed 16 stack frames</pre></div><a href='#' onClick='toggleBox("stack-trace8811427", this, "Click to show all stack frames", "Click to hide stack frames")'>Click to show all stack frames</a>
<div class='stack-trace' id='stack-trace8811427'><pre>java.lang.AssertionError: java.lang.AssertionError: expected:&lt;true&gt; but was:&lt;false&gt;java.lang.AssertionError: expected:&lt;false&gt; but was:&lt;true&gt;
	at com.thoughtworks.selenium.SeleneseTestBase.fail(SeleneseTestBase.java:391)
	at com.seleniumtests.core.CustomVerification.checkForVerificationErrors(CustomVerification.java:102)
	at com.seleniumtests.test.ClubReg.DuplicateClubRegistrationUsingCSVFile(ClubReg.java:113)
	at sun.reflect.NativeMethodAccessorImpl.invoke0(Native Method)
	at sun.reflect.NativeMethodAccessorImpl.invoke(NativeMethodAccessorImpl.java:57)
	at sun.reflect.DelegatingMethodAccessorImpl.invoke(DelegatingMethodAccessorImpl.java:43)
	at java.lang.reflect.Method.invoke(Method.java:606)
	at org.testng.internal.MethodInvocationHelper.invokeMethod(MethodInvocationHelper.java:80)
	at org.testng.internal.Invoker.invokeMethod(Invoker.java:691)
	at org.testng.internal.Invoker.invokeTestMethod(Invoker.java:883)
	at org.testng.internal.Invoker.invokeTestMethods(Invoker.java:1208)
	at org.testng.internal.TestMethodWorker.invokeTestMethods(TestMethodWorker.java:127)
	at org.testng.internal.TestMethodWorker.run(TestMethodWorker.java:111)
	at org.testng.TestRunner.privateRun(TestRunner.java:758)
	at org.testng.TestRunner.run(TestRunner.java:613)
	at org.testng.SuiteRunner.runTest(SuiteRunner.java:334)
	at org.testng.SuiteRunner.access$000(SuiteRunner.java:37)
	at org.testng.SuiteRunner$SuiteWorker.run(SuiteRunner.java:368)
	at org.testng.internal.thread.ThreadUtil$CountDownLatchedRunnable.run(ThreadUtil.java:165)
	at java.util.concurrent.ThreadPoolExecutor.runWorker(ThreadPoolExecutor.java:1145)
	at java.util.concurrent.ThreadPoolExecutor$Worker.run(ThreadPoolExecutor.java:615)
	at java.lang.Thread.run(Thread.java:745)
</pre></div></td>
<td>40</td>
<td>com.seleniumtests.test.ClubReg@2b7ac7ba</td></tr>
</table><p>
<table width='100%' border='1' class='invocation-skipped'>
<tr><td colspan='4' align='center'><b>SKIPPED TESTS</b></td></tr>
<tr><td><b>Test method</b></td>
<td width="30%"><b>Exception</b></td>
<td width="10%"><b>Time (seconds)</b></td>
<td><b>Instance</b></td>
</tr>
<tr>
<td title='com.seleniumtests.test.ClubReg.DuplicateClubRegistrationUsingCSVFile()'><b>DuplicateClubRegistrationUsingCSVFile</b><br>Test class: com.seleniumtests.test.ClubReg<br>Parameters: com.seleniumtests.dataobject.BBRegistrationDataClub@1b2a6ec7</td>
<td></td>
<td>0</td>
<td>com.seleniumtests.test.ClubReg@2b7ac7ba</td></tr>
<tr>
<td title='com.seleniumtests.test.ClubReg.DuplicateClubRegistrationUsingCSVFile()'><b>DuplicateClubRegistrationUsingCSVFile</b><br>Test class: com.seleniumtests.test.ClubReg<br>Parameters: com.seleniumtests.dataobject.BBRegistrationDataClub@7eced8bf</td>
<td></td>
<td>0</td>
<td>com.seleniumtests.test.ClubReg@2b7ac7ba</td></tr>
<tr>
<td title='com.seleniumtests.test.ClubReg.DuplicateClubRegistrationUsingCSVFile()'><b>DuplicateClubRegistrationUsingCSVFile</b><br>Test class: com.seleniumtests.test.ClubReg<br>Parameters: com.seleniumtests.dataobject.BBRegistrationDataClub@3df824a3</td>
<td></td>
<td>0</td>
<td>com.seleniumtests.test.ClubReg@2b7ac7ba</td></tr>
</table><p>
</body>
</html>