<?xml version="1.0" encoding="UTF-8"?>
<!-- Generated by org.testng.reporters.JUnitXMLReporter -->
<testsuite hostname="RJINDAL" name="Test in Chrome" tests="5" failures="2" timestamp="8 Oct 2014 16:36:49 GMT" time="98.949" errors="0">
  <testcase name="@AfterMethod closeBrowser" time="0.0" classname="com.seleniumtests.test.ClubReg">
    <failure type="org.openqa.selenium.WebDriverException" message="unknown error: cannot take screenshot
from unknown error: Internal error while trying to capture visible region of the current tab
JavaScript stack:
Error: Internal error while trying to capture visible region of the current tab
    at checkForExtensionError (chrome-extension://aapnijgdinlhnhlmodcfapnahmbfebeb/background.js:14:17)
    at Object.callback (chrome-extension://aapnijgdinlhnhlmodcfapnahmbfebeb/background.js:37:5)
    at Function.target.(anonymous function) (extensions::SafeBuiltins:19:14)
    at safeCallbackApply (extensions::sendRequest:22:15)
    at handleResponse (extensions::sendRequest:77:7)
  (Session info: chrome=37.0.2062.124)
  (Driver info: chromedriver=2.10.267521,platform=Windows NT 6.1 x86_64) (WARNING: The server did not provide any stacktrace information)
Command duration or timeout: 134 milliseconds
Build info: version: &amp;apos;2.43.0&amp;apos;, revision: &amp;apos;accb3003b9fb8f7cae30f9669b4c594a065396a6&amp;apos;, time: &amp;apos;2014-09-09 22:22:51&amp;apos;
System info: host: &amp;apos;RJINDAL&amp;apos;, ip: &amp;apos;192.168.207.186&amp;apos;, os.name: &amp;apos;Windows 7&amp;apos;, os.arch: &amp;apos;amd64&amp;apos;, os.version: &amp;apos;6.1&amp;apos;, java.version: &amp;apos;1.7.0_67&amp;apos;
Session ID: 4e4047a0406c396fd9bb943d862f1b48
Driver info: org.openqa.selenium.chrome.ChromeDriver
Capabilities [{platform=XP, acceptSslCerts=true, javascriptEnabled=true, browserName=chrome, chrome={userDataDir=C:\Users\Ravi\AppData\Local\Temp\scoped_dir18348_25107}, rotatable=false, locationContextEnabled=true, version=37.0.2062.124, takesHeapSnapshot=true, cssSelectorsEnabled=true, databaseEnabled=false, handlesAlerts=true, browserConnectionEnabled=false, nativeEvents=true, webStorageEnabled=true, applicationCacheEnabled=false, takesScreenshot=true}]">
      <![CDATA[org.openqa.selenium.WebDriverException: unknown error: cannot take screenshot
from unknown error: Internal error while trying to capture visible region of the current tab
JavaScript stack:
Error: Internal error while trying to capture visible region of the current tab
    at checkForExtensionError (chrome-extension://aapnijgdinlhnhlmodcfapnahmbfebeb/background.js:14:17)
    at Object.callback (chrome-extension://aapnijgdinlhnhlmodcfapnahmbfebeb/background.js:37:5)
    at Function.target.(anonymous function) (extensions::SafeBuiltins:19:14)
    at safeCallbackApply (extensions::sendRequest:22:15)
    at handleResponse (extensions::sendRequest:77:7)
  (Session info: chrome=37.0.2062.124)
  (Driver info: chromedriver=2.10.267521,platform=Windows NT 6.1 x86_64) (WARNING: The server did not provide any stacktrace information)
Command duration or timeout: 134 milliseconds
Build info: version: '2.43.0', revision: 'accb3003b9fb8f7cae30f9669b4c594a065396a6', time: '2014-09-09 22:22:51'
System info: host: 'RJINDAL', ip: '192.168.207.186', os.name: 'Windows 7', os.arch: 'amd64', os.version: '6.1', java.version: '1.7.0_67'
Session ID: 4e4047a0406c396fd9bb943d862f1b48
Driver info: org.openqa.selenium.chrome.ChromeDriver
Capabilities [{platform=XP, acceptSslCerts=true, javascriptEnabled=true, browserName=chrome, chrome={userDataDir=C:\Users\Ravi\AppData\Local\Temp\scoped_dir18348_25107}, rotatable=false, locationContextEnabled=true, version=37.0.2062.124, takesHeapSnapshot=true, cssSelectorsEnabled=true, databaseEnabled=false, handlesAlerts=true, browserConnectionEnabled=false, nativeEvents=true, webStorageEnabled=true, applicationCacheEnabled=false, takesScreenshot=true}]
	at org.openqa.selenium.remote.ErrorHandler.createThrowable(ErrorHandler.java:204)
	at org.openqa.selenium.remote.ErrorHandler.throwIfResponseFailed(ErrorHandler.java:156)
	at org.openqa.selenium.remote.RemoteWebDriver.execute(RemoteWebDriver.java:599)
	at org.openqa.selenium.remote.RemoteWebDriver.execute(RemoteWebDriver.java:614)
	at org.openqa.selenium.remote.RemoteWebDriver.getScreenshotAs(RemoteWebDriver.java:324)
	at com.seleniumtests.core.DriverFactory.closeBrowser(DriverFactory.java:114)
	at java.util.concurrent.ThreadPoolExecutor.runWorker(ThreadPoolExecutor.java:1145)
	at java.util.concurrent.ThreadPoolExecutor$Worker.run(ThreadPoolExecutor.java:615)
	at java.lang.Thread.run(Thread.java:745)
... Removed 22 stack frames]]>
    </failure>
  </testcase>
  <testcase name="@BeforeMethod launchBrowser" time="0.0" classname="com.seleniumtests.test.ClubReg">
    <skipped/>
  </testcase>
  <testcase name="@BeforeMethod setEnv" time="0.0" classname="com.seleniumtests.test.ClubReg">
    <skipped/>
  </testcase>
  <testcase name="@AfterMethod closeBrowser" time="0.0" classname="com.seleniumtests.test.ClubReg">
    <skipped/>
  </testcase>
  <testcase name="@BeforeMethod launchBrowser" time="0.0" classname="com.seleniumtests.test.ClubReg">
    <skipped/>
  </testcase>
  <testcase name="@BeforeMethod setEnv" time="0.0" classname="com.seleniumtests.test.ClubReg">
    <skipped/>
  </testcase>
  <testcase name="@AfterMethod closeBrowser" time="0.0" classname="com.seleniumtests.test.ClubReg">
    <skipped/>
  </testcase>
  <testcase name="@BeforeMethod launchBrowser" time="0.0" classname="com.seleniumtests.test.ClubReg">
    <skipped/>
  </testcase>
  <testcase name="@BeforeMethod setEnv" time="0.0" classname="com.seleniumtests.test.ClubReg">
    <skipped/>
  </testcase>
  <testcase name="@AfterMethod closeBrowser" time="0.0" classname="com.seleniumtests.test.ClubReg">
    <skipped/>
  </testcase>
  <testcase name="DuplicateClubRegistrationUsingCSVFile" time="37.19" classname="com.seleniumtests.test.ClubReg">
    <failure type="java.lang.AssertionError" message="java.lang.AssertionError: expected:&amp;lt;false&amp;gt; but was:&amp;lt;true&amp;gt;">
      <![CDATA[java.lang.AssertionError: java.lang.AssertionError: expected:<false> but was:<true>
	at com.thoughtworks.selenium.SeleneseTestBase.fail(SeleneseTestBase.java:391)
	at com.seleniumtests.core.CustomVerification.checkForVerificationErrors(CustomVerification.java:102)
	at com.seleniumtests.test.ClubReg.DuplicateClubRegistrationUsingCSVFile(ClubReg.java:113)
	at java.util.concurrent.ThreadPoolExecutor.runWorker(ThreadPoolExecutor.java:1145)
	at java.util.concurrent.ThreadPoolExecutor$Worker.run(ThreadPoolExecutor.java:615)
	at java.lang.Thread.run(Thread.java:745)
... Removed 16 stack frames]]>
    </failure>
  </testcase>
  <testcase name="DuplicateClubRegistrationUsingCSVFile" time="40.879" classname="com.seleniumtests.test.ClubReg">
    <failure type="java.lang.AssertionError" message="java.lang.AssertionError: expected:&amp;lt;true&amp;gt; but was:&amp;lt;false&amp;gt;java.lang.AssertionError: expected:&amp;lt;false&amp;gt; but was:&amp;lt;true&amp;gt;">
      <![CDATA[java.lang.AssertionError: java.lang.AssertionError: expected:<true> but was:<false>java.lang.AssertionError: expected:<false> but was:<true>
	at com.thoughtworks.selenium.SeleneseTestBase.fail(SeleneseTestBase.java:391)
	at com.seleniumtests.core.CustomVerification.checkForVerificationErrors(CustomVerification.java:102)
	at com.seleniumtests.test.ClubReg.DuplicateClubRegistrationUsingCSVFile(ClubReg.java:113)
	at java.util.concurrent.ThreadPoolExecutor.runWorker(ThreadPoolExecutor.java:1145)
	at java.util.concurrent.ThreadPoolExecutor$Worker.run(ThreadPoolExecutor.java:615)
	at java.lang.Thread.run(Thread.java:745)
... Removed 16 stack frames]]>
    </failure>
  </testcase>
  <testcase name="DuplicateClubRegistrationUsingCSVFile" time="0.001" classname="com.seleniumtests.test.ClubReg">
    <skipped/>
  </testcase>
  <testcase name="DuplicateClubRegistrationUsingCSVFile" time="0.0" classname="com.seleniumtests.test.ClubReg">
    <skipped/>
  </testcase>
  <testcase name="DuplicateClubRegistrationUsingCSVFile" time="0.001" classname="com.seleniumtests.test.ClubReg">
    <skipped/>
  </testcase>
</testsuite>
