<?xml version="1.0" encoding="UTF-8"?>
<!-- Generated by org.testng.reporters.JUnitXMLReporter -->
<testsuite hostname="RJINDAL" name="Test in IE" tests="1" failures="1" timestamp="20 Oct 2014 13:45:05 GMT" time="74.935" errors="0">
  <testcase name="runCukes" time="74.903" classname="com.seleniumtests.cucumbertest.java.RunCucumberTests">
    <failure type="cucumber.runtime.CucumberException" message="java.lang.AssertionError: java.lang.AssertionError: expected [false] but found [true]java.lang.AssertionError: expected [true] but found [false]">
      <![CDATA[cucumber.runtime.CucumberException: java.lang.AssertionError: java.lang.AssertionError: expected [false] but found [true]java.lang.AssertionError: expected [true] but found [false]
	at cucumber.api.testng.TestNGCucumberRunner.runCukes(TestNGCucumberRunner.java:58)
	at com.seleniumtests.cucumbertest.java.RunCucumberTests.runCukes(RunCucumberTests.java:26)
	at java.util.concurrent.FutureTask.run(FutureTask.java:262)
	at java.util.concurrent.ThreadPoolExecutor.runWorker(ThreadPoolExecutor.java:1145)
	at java.util.concurrent.ThreadPoolExecutor$Worker.run(ThreadPoolExecutor.java:615)
	at java.lang.Thread.run(Thread.java:745)
Caused by: java.lang.AssertionError: java.lang.AssertionError: expected [false] but found [true]java.lang.AssertionError: expected [true] but found [false]
	at com.thoughtworks.selenium.SeleneseTestBase.fail(SeleneseTestBase.java:391)
	at com.seleniumtests.core.CustomVerification.checkForVerificationErrors(CustomVerification.java:102)
	at com.seleniumtests.cucumbertest.java.ClubRegSteps.i_get_welcome_page(ClubRegSteps.java:111)
	at âœ½.And i get welcome page(src/test/resources/com/seleniumtests/cucumbertest/features/ClubRegNew.feature:16)
... Removed 16 stack frames]]>
    </failure>
  </testcase> <!-- runCukes -->
</testsuite> <!-- Test in IE -->
