<!DOCTYPE html PUBLIC "-//W3C//DTD XHTML 1.1//EN" "http://www.w3.org/TR/xhtml11/DTD/xhtml11.dtd">
<html xmlns="http://www.w3.org/1999/xhtml"><head><title>TestNG Report</title><style type="text/css">table {margin-bottom:10px;border-collapse:collapse;empty-cells:show}th,td {border:1px solid #009;padding:.25em .5em}th {vertical-align:bottom}td {vertical-align:top}table a {font-weight:bold}.stripe td {background-color: #E6EBF9}.num {text-align:right}.passedodd td {background-color: #3F3}.passedeven td {background-color: #0A0}.skippedodd td {background-color: #DDD}.skippedeven td {background-color: #CCC}.failedodd td,.attn {background-color: #F33}.failedeven td,.stripe .attn {background-color: #D00}.stacktrace {white-space:pre;font-family:monospace}.totop {font-size:85%;text-align:center;border-bottom:2px solid #000}</style></head><body><table><tr><th>Test</th><th># Passed</th><th># Skipped</th><th># Failed</th><th>Time (ms)</th><th>Included Groups</th><th>Excluded Groups</th></tr><tr><th colspan="7">Selenium Tests</th></tr><tr><td><a href="#t0">Cucumber Tests</a></td><td class="num">0</td><td class="num">0</td><td class="num attn">1</td><td class="num">117,761</td><td></td><td></td></tr></table><table><thead><tr><th>Class</th><th>Method</th><th>Start</th><th>Time (ms)</th></tr></thead><tbody><tr><th colspan="4">Selenium Tests</th></tr></tbody><tbody id="t0"><tr><th colspan="4">Cucumber Tests &#8212; failed</th></tr><tr class="failedeven"><td rowspan="1">com.seleniumtests.cucumbertest.java.RunCucumberTests</td><td><a href="#m0">runCukes</a></td><td rowspan="1">1416224470014</td><td rowspan="1">117740</td></tr></tbody></table><h2>Cucumber Tests</h2><h3 id="m0">com.seleniumtests.cucumbertest.java.RunCucumberTests#runCukes</h3><table class="result"><tr><th>Messages</th></tr><tr><td><div class="messages">&lt;div &quot;featureFile&quot;&gt;Feature File: src&amp;#x2F;test&amp;#x2F;resources&amp;#x2F;com&amp;#x2F;seleniumtests&amp;#x2F;cucumbertest&amp;#x2F;features&amp;#x2F;ClubRegNew.feature&lt;/div&gt;<br/>&lt;div &quot;feature&quot;&gt;Feature: ClubRegistration&lt;/div&gt;<br/>&lt;div &quot;result&quot;&gt;Given  I want to open the browser (passed : 6s)&lt;/div&gt;<br/>&lt;div &quot;result&quot;&gt;And  I visit the https:&amp;#x2F;&amp;#x2F;tbbqabeta.productpartners.com url (passed : 12s)&lt;/div&gt;<br/>&lt;div &quot;result&quot;&gt;And  I visit to the Signup Page (passed : 11s)&lt;/div&gt;<br/>&lt;div &quot;result&quot;&gt;When  I click on the club signup (passed : 9s)&lt;/div&gt;<br/>&lt;div &quot;scenario&quot;&gt;Scenario: DataEntryValid&lt;/div&gt;<br/>firstName: OctC&lt;br&gt;<br/>lastName: club12&lt;br&gt;<br/>email: rj12_011014_c7@mailinator.com&lt;br&gt;<br/>confirmEmail: rj12_011014_c7@mailinator.com&lt;br&gt;<br/>password: 11111&lt;br&gt;<br/>confirmPassword: 11111&lt;br&gt;<br/>screenName: OctC12club7&lt;br&gt;<br/>dateOfBirth: 1978&lt;br&gt;<br/>phoneTextbox: 1111111111&lt;br&gt;<br/>shippingCountry: Canada&lt;br&gt;<br/>shippingStreet1: OctC&lt;br&gt;<br/>shippingStreet2: club7&lt;br&gt;<br/>shippingCity: montreal&lt;br&gt;<br/>shippingState: Quebec&lt;br&gt;<br/>shippingZip: h3b5l1&lt;br&gt;<br/>ccFirstName: abc&lt;br&gt;<br/>ccLastName: xyz&lt;br&gt;<br/>ccType: Visa&lt;br&gt;<br/>ccNumber: 4222222222222&lt;br&gt;<br/>ccExp: 2021&lt;br&gt;<br/>ccCvv: 123&lt;br&gt;<br/>billingCB: TRUE&lt;br&gt;<br/>coachReferral: TRUE&lt;br&gt;<br/>coachReferral: 994&lt;br&gt;<br/>TnC: TRUE&lt;br&gt;<br/>CASL: TRUE&lt;br&gt;<br/>captchaText: 1111&lt;br&gt;<br/>&lt;div &quot;result&quot;&gt;Then  i do submit with valid form entry (passed : 10s)&lt;/div&gt;<br/>Existing User&lt;br&gt;<br/>Not Created Successfully&lt;br&gt;<br/>&lt;div &quot;result&quot;&gt;And  i get welcome page (failed : 0s)&lt;/div&gt;<br/>&lt;div &quot;result&quot;&gt;Given  I want to open the browser (passed : 2s)&lt;/div&gt;<br/>&lt;div &quot;result&quot;&gt;And  I visit the https:&amp;#x2F;&amp;#x2F;tbbqabeta.productpartners.com url (passed : 15s)&lt;/div&gt;<br/>&lt;div &quot;result&quot;&gt;And  I visit to the Signup Page (passed : 3s)&lt;/div&gt;<br/>&lt;div &quot;result&quot;&gt;When  I click on the club signup (passed : 23s)&lt;/div&gt;<br/>&lt;div &quot;scenario&quot;&gt;Scenario: DataEntryInValid&lt;/div&gt;<br/>firstName: OctC&lt;br&gt;<br/>lastName: club8&lt;br&gt;<br/>email: rj_011014_c7@mailinator.com&lt;br&gt;<br/>confirmEmail: rj_011014_c7@mailinator.com&lt;br&gt;<br/>password: 11111&lt;br&gt;<br/>confirmPassword: 11111&lt;br&gt;<br/>screenName: OctCclub8&lt;br&gt;<br/>dateOfBirth: 1978&lt;br&gt;<br/>phoneTextbox: 1111111111&lt;br&gt;<br/>shippingCountry: Canada&lt;br&gt;<br/>shippingStreet1: OctC&lt;br&gt;<br/>shippingStreet2: club7&lt;br&gt;<br/>shippingCity: montreal&lt;br&gt;<br/>shippingState: Quebec&lt;br&gt;<br/>shippingZip: h3b5l1&lt;br&gt;<br/>ccFirstName: abc&lt;br&gt;<br/>ccLastName: xyz&lt;br&gt;<br/>ccType: Visa&lt;br&gt;<br/>ccNumber: 4222222222222&lt;br&gt;<br/>ccExp: 2021&lt;br&gt;<br/>ccCvv: 123&lt;br&gt;<br/>billingCB: TRUE&lt;br&gt;<br/>coachReferral: TRUE&lt;br&gt;<br/>coachReferral: 994&lt;br&gt;<br/>TnC: TRUE&lt;br&gt;<br/>CASL: TRUE&lt;br&gt;<br/>captchaText: 1111&lt;br&gt;<br/>&lt;div &quot;result&quot;&gt;Then  i do submit with Invalid form entry (passed : 13s)&lt;/div&gt;<br/>&lt;div &quot;result&quot;&gt;And  i get error page (passed : 0s)&lt;/div&gt;</div></td></tr><tr><th>Exception</th></tr><tr><td><div class="stacktrace">cucumber.runtime.CucumberException: java.lang.AssertionError: java.lang.AssertionError: expected [false] but found [true]java.lang.AssertionError: expected [true] but found [false]
	at cucumber.api.testng.TestNGCucumberRunner.runCukes(TestNGCucumberRunner.java:58)
	at com.seleniumtests.cucumbertest.java.RunCucumberTests.runCukes(RunCucumberTests.java:26)
	at java.util.concurrent.FutureTask.run(FutureTask.java:262)
	at java.util.concurrent.ThreadPoolExecutor.runWorker(ThreadPoolExecutor.java:1145)
	at java.util.concurrent.ThreadPoolExecutor$Worker.run(ThreadPoolExecutor.java:615)
	at java.lang.Thread.run(Thread.java:745)
Caused by: java.lang.AssertionError: java.lang.AssertionError: expected [false] but found [true]java.lang.AssertionError: expected [true] but found [false]
	at com.thoughtworks.selenium.SeleneseTestBase.fail(SeleneseTestBase.java:391)
	at com.seleniumtests.core.CustomVerification.checkForVerificationErrors(CustomVerification.java:102)
	at com.seleniumtests.cucumbertest.java.ClubRegSteps.i_get_welcome_page(ClubRegSteps.java:113)
	at ?.And i get welcome page(src/test/resources/com/seleniumtests/cucumbertest/features/ClubRegNew.feature:16)
... Removed 16 stack frames</div></td></tr></table><p class="totop"><a href="#summary">back to summary</a></p></body></html>